<?xml version="1.0" encoding="UTF-8"?>
<!-- Generated by org.testng.reporters.JUnitXMLReporter -->
<testsuite ignored="0" hostname="Efosas-MacBook-Air.local" failures="0" tests="4" name="Test ran on Chrome" time="64.581" errors="0" timestamp="2023-09-25T21:01:29 BST">
  <testcase classname="tests.Landingpage_Test" name="@BeforeClass setup" time="64.101">
    <failure type="org.openqa.selenium.SessionNotCreatedException" message="session not created: DevToolsActivePort file doesn&amp;apos;t exist
Build info: version: &amp;apos;3.141.59&amp;apos;, revision: &amp;apos;e82be7d358&amp;apos;, time: &amp;apos;2018-11-14T08:17:03&amp;apos;
System info: host: &amp;apos;Efosas-MacBook-Air.local&amp;apos;, ip: &amp;apos;fe80:0:0:0:4f3:e595:1e19:51bb%en0&amp;apos;, os.name: &amp;apos;Mac OS X&amp;apos;, os.arch: &amp;apos;x86_64&amp;apos;, os.version: &amp;apos;10.16&amp;apos;, java.version: &amp;apos;15.0.2&amp;apos;
Driver info: driver.version: ChromeDriver
remote stacktrace: 0   chromedriver                        0x0000000100fe7ed8 chromedriver + 5091032
1   chromedriver                        0x0000000100fdec43 chromedriver + 5053507
2   chromedriver                        0x0000000100b7a527 chromedriver + 447783
3   chromedriver                        0x0000000100bb665d chromedriver + 693853
4   chromedriver                        0x0000000100bb157a chromedriver + 673146
5   chromedriver                        0x0000000100badf93 chromedriver + 659347
6   chromedriver                        0x0000000100bfa776 chromedriver + 972662
7   chromedriver                        0x0000000100bf0433 chromedriver + 930867
8   chromedriver                        0x0000000100bbb042 chromedriver + 712770
9   chromedriver                        0x0000000100bbc26e chromedriver + 717422
10  chromedriver                        0x0000000100fa9439 chromedriver + 4834361
11  chromedriver                        0x0000000100fae5dd chromedriver + 4855261
12  chromedriver                        0x0000000100fb5572 chromedriver + 4883826
13  chromedriver                        0x0000000100faf30d chromedriver + 4858637
14  chromedriver                        0x0000000100f8116c chromedriver + 4669804
15  chromedriver                        0x0000000100fcdcd8 chromedriver + 4984024
16  chromedriver                        0x0000000100fcde90 chromedriver + 4984464
17  chromedriver                        0x0000000100fde87e chromedriver + 5052542
18  libsystem_pthread.dylib             0x00007fff20322950 _pthread_start + 224
19  libsystem_pthread.dylib             0x00007fff2031e47b thread_start + 15
">
      <![CDATA[org.openqa.selenium.SessionNotCreatedException: session not created: DevToolsActivePort file doesn't exist
Build info: version: '3.141.59', revision: 'e82be7d358', time: '2018-11-14T08:17:03'
System info: host: 'Efosas-MacBook-Air.local', ip: 'fe80:0:0:0:4f3:e595:1e19:51bb%en0', os.name: 'Mac OS X', os.arch: 'x86_64', os.version: '10.16', java.version: '15.0.2'
Driver info: driver.version: ChromeDriver
remote stacktrace: 0   chromedriver                        0x0000000100fe7ed8 chromedriver + 5091032
1   chromedriver                        0x0000000100fdec43 chromedriver + 5053507
2   chromedriver                        0x0000000100b7a527 chromedriver + 447783
3   chromedriver                        0x0000000100bb665d chromedriver + 693853
4   chromedriver                        0x0000000100bb157a chromedriver + 673146
5   chromedriver                        0x0000000100badf93 chromedriver + 659347
6   chromedriver                        0x0000000100bfa776 chromedriver + 972662
7   chromedriver                        0x0000000100bf0433 chromedriver + 930867
8   chromedriver                        0x0000000100bbb042 chromedriver + 712770
9   chromedriver                        0x0000000100bbc26e chromedriver + 717422
10  chromedriver                        0x0000000100fa9439 chromedriver + 4834361
11  chromedriver                        0x0000000100fae5dd chromedriver + 4855261
12  chromedriver                        0x0000000100fb5572 chromedriver + 4883826
13  chromedriver                        0x0000000100faf30d chromedriver + 4858637
14  chromedriver                        0x0000000100f8116c chromedriver + 4669804
15  chromedriver                        0x0000000100fcdcd8 chromedriver + 4984024
16  chromedriver                        0x0000000100fcde90 chromedriver + 4984464
17  chromedriver                        0x0000000100fde87e chromedriver + 5052542
18  libsystem_pthread.dylib             0x00007fff20322950 _pthread_start + 224
19  libsystem_pthread.dylib             0x00007fff2031e47b thread_start + 15

at org.openqa.selenium.remote.W3CHandshakeResponse.lambda$errorHandler$0(W3CHandshakeResponse.java:62)
at org.openqa.selenium.remote.HandshakeResponse.lambda$getResponseFunction$0(HandshakeResponse.java:30)
at org.openqa.selenium.remote.ProtocolHandshake.lambda$createSession$0(ProtocolHandshake.java:126)
at java.base/java.util.stream.ReferencePipeline$3$1.accept(ReferencePipeline.java:195)
at java.base/java.util.Spliterators$ArraySpliterator.tryAdvance(Spliterators.java:958)
at java.base/java.util.stream.ReferencePipeline.forEachWithCancel(ReferencePipeline.java:127)
at java.base/java.util.stream.AbstractPipeline.copyIntoWithCancel(AbstractPipeline.java:502)
at java.base/java.util.stream.AbstractPipeline.copyInto(AbstractPipeline.java:488)
at java.base/java.util.stream.AbstractPipeline.wrapAndCopyInto(AbstractPipeline.java:474)
at java.base/java.util.stream.FindOps$FindOp.evaluateSequential(FindOps.java:150)
at java.base/java.util.stream.AbstractPipeline.evaluate(AbstractPipeline.java:234)
at java.base/java.util.stream.ReferencePipeline.findFirst(ReferencePipeline.java:543)
at org.openqa.selenium.remote.ProtocolHandshake.createSession(ProtocolHandshake.java:128)
at org.openqa.selenium.remote.ProtocolHandshake.createSession(ProtocolHandshake.java:74)
at org.openqa.selenium.remote.HttpCommandExecutor.execute(HttpCommandExecutor.java:136)
at org.openqa.selenium.remote.service.DriverCommandExecutor.execute(DriverCommandExecutor.java:83)
at org.openqa.selenium.remote.RemoteWebDriver.execute(RemoteWebDriver.java:552)
at org.openqa.selenium.remote.RemoteWebDriver.startSession(RemoteWebDriver.java:213)
at org.openqa.selenium.remote.RemoteWebDriver.<init>(RemoteWebDriver.java:131)
at org.openqa.selenium.chrome.ChromeDriver.<init>(ChromeDriver.java:181)
at org.openqa.selenium.chrome.ChromeDriver.<init>(ChromeDriver.java:168)
at org.openqa.selenium.chrome.ChromeDriver.<init>(ChromeDriver.java:123)
at library.Browsers.launchBrowser(Browsers.java:19)
at tests.Landingpage_Test.setup(Landingpage_Test.java:30)
at java.base/java.util.concurrent.ThreadPoolExecutor.runWorker(ThreadPoolExecutor.java:1130)
at java.base/java.util.concurrent.ThreadPoolExecutor$Worker.run(ThreadPoolExecutor.java:630)
at java.base/java.lang.Thread.run(Thread.java:832)
... Removed 15 stack frames]]>
    </failure>
  </testcase> <!-- @BeforeClass setup -->
  <testcase classname="tests.Result_Test" name="@BeforeClass setup" time="64.101">
    <failure type="org.openqa.selenium.SessionNotCreatedException" message="session not created: DevToolsActivePort file doesn&amp;apos;t exist
Build info: version: &amp;apos;3.141.59&amp;apos;, revision: &amp;apos;e82be7d358&amp;apos;, time: &amp;apos;2018-11-14T08:17:03&amp;apos;
System info: host: &amp;apos;Efosas-MacBook-Air.local&amp;apos;, ip: &amp;apos;fe80:0:0:0:4f3:e595:1e19:51bb%en0&amp;apos;, os.name: &amp;apos;Mac OS X&amp;apos;, os.arch: &amp;apos;x86_64&amp;apos;, os.version: &amp;apos;10.16&amp;apos;, java.version: &amp;apos;15.0.2&amp;apos;
Driver info: driver.version: ChromeDriver
remote stacktrace: 0   chromedriver                        0x0000000102912ed8 chromedriver + 5091032
1   chromedriver                        0x0000000102909c43 chromedriver + 5053507
2   chromedriver                        0x00000001024a5527 chromedriver + 447783
3   chromedriver                        0x00000001024e165d chromedriver + 693853
4   chromedriver                        0x00000001024dc57a chromedriver + 673146
5   chromedriver                        0x00000001024d8f93 chromedriver + 659347
6   chromedriver                        0x0000000102525776 chromedriver + 972662
7   chromedriver                        0x000000010251b433 chromedriver + 930867
8   chromedriver                        0x00000001024e6042 chromedriver + 712770
9   chromedriver                        0x00000001024e726e chromedriver + 717422
10  chromedriver                        0x00000001028d4439 chromedriver + 4834361
11  chromedriver                        0x00000001028d95dd chromedriver + 4855261
12  chromedriver                        0x00000001028e0572 chromedriver + 4883826
13  chromedriver                        0x00000001028da30d chromedriver + 4858637
14  chromedriver                        0x00000001028ac16c chromedriver + 4669804
15  chromedriver                        0x00000001028f8cd8 chromedriver + 4984024
16  chromedriver                        0x00000001028f8e90 chromedriver + 4984464
17  chromedriver                        0x000000010290987e chromedriver + 5052542
18  libsystem_pthread.dylib             0x00007fff20322950 _pthread_start + 224
19  libsystem_pthread.dylib             0x00007fff2031e47b thread_start + 15
">
      <![CDATA[org.openqa.selenium.SessionNotCreatedException: session not created: DevToolsActivePort file doesn't exist
Build info: version: '3.141.59', revision: 'e82be7d358', time: '2018-11-14T08:17:03'
System info: host: 'Efosas-MacBook-Air.local', ip: 'fe80:0:0:0:4f3:e595:1e19:51bb%en0', os.name: 'Mac OS X', os.arch: 'x86_64', os.version: '10.16', java.version: '15.0.2'
Driver info: driver.version: ChromeDriver
remote stacktrace: 0   chromedriver                        0x0000000102912ed8 chromedriver + 5091032
1   chromedriver                        0x0000000102909c43 chromedriver + 5053507
2   chromedriver                        0x00000001024a5527 chromedriver + 447783
3   chromedriver                        0x00000001024e165d chromedriver + 693853
4   chromedriver                        0x00000001024dc57a chromedriver + 673146
5   chromedriver                        0x00000001024d8f93 chromedriver + 659347
6   chromedriver                        0x0000000102525776 chromedriver + 972662
7   chromedriver                        0x000000010251b433 chromedriver + 930867
8   chromedriver                        0x00000001024e6042 chromedriver + 712770
9   chromedriver                        0x00000001024e726e chromedriver + 717422
10  chromedriver                        0x00000001028d4439 chromedriver + 4834361
11  chromedriver                        0x00000001028d95dd chromedriver + 4855261
12  chromedriver                        0x00000001028e0572 chromedriver + 4883826
13  chromedriver                        0x00000001028da30d chromedriver + 4858637
14  chromedriver                        0x00000001028ac16c chromedriver + 4669804
15  chromedriver                        0x00000001028f8cd8 chromedriver + 4984024
16  chromedriver                        0x00000001028f8e90 chromedriver + 4984464
17  chromedriver                        0x000000010290987e chromedriver + 5052542
18  libsystem_pthread.dylib             0x00007fff20322950 _pthread_start + 224
19  libsystem_pthread.dylib             0x00007fff2031e47b thread_start + 15

at org.openqa.selenium.remote.W3CHandshakeResponse.lambda$errorHandler$0(W3CHandshakeResponse.java:62)
at org.openqa.selenium.remote.HandshakeResponse.lambda$getResponseFunction$0(HandshakeResponse.java:30)
at org.openqa.selenium.remote.ProtocolHandshake.lambda$createSession$0(ProtocolHandshake.java:126)
at java.base/java.util.stream.ReferencePipeline$3$1.accept(ReferencePipeline.java:195)
at java.base/java.util.Spliterators$ArraySpliterator.tryAdvance(Spliterators.java:958)
at java.base/java.util.stream.ReferencePipeline.forEachWithCancel(ReferencePipeline.java:127)
at java.base/java.util.stream.AbstractPipeline.copyIntoWithCancel(AbstractPipeline.java:502)
at java.base/java.util.stream.AbstractPipeline.copyInto(AbstractPipeline.java:488)
at java.base/java.util.stream.AbstractPipeline.wrapAndCopyInto(AbstractPipeline.java:474)
at java.base/java.util.stream.FindOps$FindOp.evaluateSequential(FindOps.java:150)
at java.base/java.util.stream.AbstractPipeline.evaluate(AbstractPipeline.java:234)
at java.base/java.util.stream.ReferencePipeline.findFirst(ReferencePipeline.java:543)
at org.openqa.selenium.remote.ProtocolHandshake.createSession(ProtocolHandshake.java:128)
at org.openqa.selenium.remote.ProtocolHandshake.createSession(ProtocolHandshake.java:74)
at org.openqa.selenium.remote.HttpCommandExecutor.execute(HttpCommandExecutor.java:136)
at org.openqa.selenium.remote.service.DriverCommandExecutor.execute(DriverCommandExecutor.java:83)
at org.openqa.selenium.remote.RemoteWebDriver.execute(RemoteWebDriver.java:552)
at org.openqa.selenium.remote.RemoteWebDriver.startSession(RemoteWebDriver.java:213)
at org.openqa.selenium.remote.RemoteWebDriver.<init>(RemoteWebDriver.java:131)
at org.openqa.selenium.chrome.ChromeDriver.<init>(ChromeDriver.java:181)
at org.openqa.selenium.chrome.ChromeDriver.<init>(ChromeDriver.java:168)
at org.openqa.selenium.chrome.ChromeDriver.<init>(ChromeDriver.java:123)
at library.Browsers.launchBrowser(Browsers.java:19)
at tests.Result_Test.setup(Result_Test.java:35)
at java.base/java.util.concurrent.ThreadPoolExecutor.runWorker(ThreadPoolExecutor.java:1130)
at java.base/java.util.concurrent.ThreadPoolExecutor$Worker.run(ThreadPoolExecutor.java:630)
at java.base/java.lang.Thread.run(Thread.java:832)
... Removed 15 stack frames]]>
    </failure>
  </testcase> <!-- @BeforeClass setup -->
  <testcase classname="tests.Landingpage_Test" name="@AfterMethod reset" time="-1.695672088801E9">
    <skipped/>
  </testcase> <!-- @AfterMethod reset -->
  <testcase classname="tests.Result_Test" name="@AfterMethod reset" time="-1.6956720888E9">
    <skipped/>
  </testcase> <!-- @AfterMethod reset -->
  <testcase classname="tests.Result_Test" name="@AfterMethod reset" time="-1.695672088934E9">
    <skipped/>
  </testcase> <!-- @AfterMethod reset -->
  <testcase classname="tests.Landingpage_Test" name="@AfterMethod reset" time="-1.695672088956E9">
    <skipped/>
  </testcase> <!-- @AfterMethod reset -->
  <testcase classname="tests.Result_Test" name="@AfterClass teardown" time="-1.69567208896E9">
    <skipped/>
  </testcase> <!-- @AfterClass teardown -->
  <testcase classname="tests.Landingpage_Test" name="@AfterClass teardown" time="-1.695672088962E9">
    <skipped/>
  </testcase> <!-- @AfterClass teardown -->
  <testcase classname="tests.Result_Test" name="PP_003" time="0.0">
    <skipped/>
  </testcase> <!-- PP_003 -->
  <testcase classname="tests.Landingpage_Test" name="PP_001" time="0.0">
    <skipped/>
  </testcase> <!-- PP_001 -->
  <testcase classname="tests.Result_Test" name="PP_004" time="0.0">
    <skipped/>
  </testcase> <!-- PP_004 -->
  <testcase classname="tests.Landingpage_Test" name="PP_002" time="0.0">
    <skipped/>
  </testcase> <!-- PP_002 -->
</testsuite> <!-- Test ran on Chrome -->
