<?xml version="1.0" encoding="UTF-8"?>
<!-- Generated by org.testng.reporters.JUnitXMLReporter -->
<testsuite ignored="0" hostname="Efosas-MacBook-Air.local" failures="0" tests="4" name="Test ran on Safari" time="29.744" errors="0" timestamp="2023-09-25T20:59:56 BST">
  <testcase classname="tests.Result_Test" name="@BeforeClass setup" time="29.704">
    <failure type="org.openqa.selenium.SessionNotCreatedException" message="Could not create a session: The Safari instance terminated while trying to pair with it.
Build info: version: &amp;apos;3.141.59&amp;apos;, revision: &amp;apos;e82be7d358&amp;apos;, time: &amp;apos;2018-11-14T08:17:03&amp;apos;
System info: host: &amp;apos;Efosas-MacBook-Air.local&amp;apos;, ip: &amp;apos;fe80:0:0:0:4f3:e595:1e19:51bb%en0&amp;apos;, os.name: &amp;apos;Mac OS X&amp;apos;, os.arch: &amp;apos;x86_64&amp;apos;, os.version: &amp;apos;10.16&amp;apos;, java.version: &amp;apos;15.0.2&amp;apos;
Driver info: driver.version: SafariDriver
remote stacktrace: ">
      <![CDATA[org.openqa.selenium.SessionNotCreatedException: Could not create a session: The Safari instance terminated while trying to pair with it.
Build info: version: '3.141.59', revision: 'e82be7d358', time: '2018-11-14T08:17:03'
System info: host: 'Efosas-MacBook-Air.local', ip: 'fe80:0:0:0:4f3:e595:1e19:51bb%en0', os.name: 'Mac OS X', os.arch: 'x86_64', os.version: '10.16', java.version: '15.0.2'
Driver info: driver.version: SafariDriver
remote stacktrace: 
at org.openqa.selenium.remote.W3CHandshakeResponse.lambda$errorHandler$0(W3CHandshakeResponse.java:62)
at org.openqa.selenium.remote.HandshakeResponse.lambda$getResponseFunction$0(HandshakeResponse.java:30)
at org.openqa.selenium.remote.ProtocolHandshake.lambda$createSession$0(ProtocolHandshake.java:126)
at java.base/java.util.stream.ReferencePipeline$3$1.accept(ReferencePipeline.java:195)
at java.base/java.util.Spliterators$ArraySpliterator.tryAdvance(Spliterators.java:958)
at java.base/java.util.stream.ReferencePipeline.forEachWithCancel(ReferencePipeline.java:127)
at java.base/java.util.stream.AbstractPipeline.copyIntoWithCancel(AbstractPipeline.java:502)
at java.base/java.util.stream.AbstractPipeline.copyInto(AbstractPipeline.java:488)
at java.base/java.util.stream.AbstractPipeline.wrapAndCopyInto(AbstractPipeline.java:474)
at java.base/java.util.stream.FindOps$FindOp.evaluateSequential(FindOps.java:150)
at java.base/java.util.stream.AbstractPipeline.evaluate(AbstractPipeline.java:234)
at java.base/java.util.stream.ReferencePipeline.findFirst(ReferencePipeline.java:543)
at org.openqa.selenium.remote.ProtocolHandshake.createSession(ProtocolHandshake.java:128)
at org.openqa.selenium.remote.ProtocolHandshake.createSession(ProtocolHandshake.java:74)
at org.openqa.selenium.remote.HttpCommandExecutor.execute(HttpCommandExecutor.java:136)
at org.openqa.selenium.remote.service.DriverCommandExecutor.execute(DriverCommandExecutor.java:83)
at org.openqa.selenium.remote.RemoteWebDriver.execute(RemoteWebDriver.java:552)
at org.openqa.selenium.remote.RemoteWebDriver.startSession(RemoteWebDriver.java:213)
at org.openqa.selenium.remote.RemoteWebDriver.<init>(RemoteWebDriver.java:131)
at org.openqa.selenium.safari.SafariDriver.<init>(SafariDriver.java:81)
at org.openqa.selenium.safari.SafariDriver.<init>(SafariDriver.java:63)
at org.openqa.selenium.safari.SafariDriver.<init>(SafariDriver.java:41)
at library.Browsers.launchBrowser(Browsers.java:28)
at tests.Result_Test.setup(Result_Test.java:39)
at java.base/java.util.concurrent.ThreadPoolExecutor.runWorker(ThreadPoolExecutor.java:1130)
at java.base/java.util.concurrent.ThreadPoolExecutor$Worker.run(ThreadPoolExecutor.java:630)
at java.base/java.lang.Thread.run(Thread.java:832)
... Removed 15 stack frames]]>
    </failure>
  </testcase> <!-- @BeforeClass setup -->
  <testcase classname="tests.Result_Test" name="@AfterMethod reset" time="-1.695671996068E9">
    <skipped/>
  </testcase> <!-- @AfterMethod reset -->
  <testcase classname="tests.Result_Test" name="@AfterMethod reset" time="-1.695671996077E9">
    <skipped/>
  </testcase> <!-- @AfterMethod reset -->
  <testcase classname="tests.Result_Test" name="@AfterClass teardown" time="-1.695671996079E9">
    <skipped/>
  </testcase> <!-- @AfterClass teardown -->
  <testcase classname="tests.Landingpage_Test" name="PP_001" time="0.312"/>
  <testcase classname="tests.Landingpage_Test" name="PP_002" time="0.254"/>
  <testcase classname="tests.Result_Test" name="PP_003" time="0.0">
    <skipped/>
  </testcase> <!-- PP_003 -->
  <testcase classname="tests.Result_Test" name="PP_004" time="0.0">
    <skipped/>
  </testcase> <!-- PP_004 -->
</testsuite> <!-- Test ran on Safari -->
