<!DOCTYPE html PUBLIC "-//W3C//DTD XHTML 1.1//EN" "https://www.w3.org/TR/xhtml11/DTD/xhtml11.dtd">
<html xmlns="https://www.w3.org/1999/xhtml">
<head>
<meta http-equiv="content-type" content="text/html; charset=UTF-8"/>
<title>TestNG Report</title>
<style type="text/css">table {margin-bottom:10px;border-collapse:collapse;empty-cells:show}th,td {border:1px solid #009;padding:.25em .5em}th {vertical-align:bottom}td {vertical-align:top}table a {font-weight:bold}.stripe td {background-color: #E6EBF9}.num {text-align:right}.passedodd td {background-color: #3F3}.passedeven td {background-color: #0A0}.skippedodd td {background-color: #DDD}.skippedeven td {background-color: #CCC}.failedodd td,.attn {background-color: #F33}.failedeven td,.stripe .attn {background-color: #D00}.stacktrace {white-space:pre;font-family:monospace}.totop {font-size:85%;text-align:center;border-bottom:2px solid #000}.invisible {display:none}</style>
</head>
<body>
<table>
<tr><th>Test</th><th># Passed</th><th># Skipped</th><th># Retried</th><th># Failed</th><th>Time (ms)</th><th>Included Groups</th><th>Excluded Groups</th></tr>
<tr><th colspan="8">Suite</th></tr>
<tr><td><a href="#t0">Test ran on Chrome</a></td><td class="num">0</td><td class="num attn">4</td><td class="num">0</td><td class="num">0</td><td class="num">73,679</td><td></td><td></td></tr>
<tr class="stripe"><td><a href="#t1">Test ran on Firefox</a></td><td class="num">4</td><td class="num">0</td><td class="num">0</td><td class="num">0</td><td class="num">52,571</td><td></td><td></td></tr>
<tr><td><a href="#t2">Test ran on Safari</a></td><td class="num">2</td><td class="num attn">2</td><td class="num">0</td><td class="num">0</td><td class="num">29,744</td><td></td><td></td></tr>
<tr><th>Total</th><th class="num">6</th><th class="num attn">6</th><th class="num">0</th><th class="num">0</th><th class="num">155,994</th><th colspan="2"></th></tr>
</table>
<table id='summary'><thead><tr><th>Class</th><th>Method</th><th>Start</th><th>Time (ms)</th></tr></thead><tbody><tr><th colspan="4">Suite</th></tr></tbody><tbody id="t0"><tr><th colspan="4">Test ran on Chrome &#8212; failed (configuration methods)</th></tr><tr class="failedeven"><td rowspan="1">tests.Landingpage_Test</td><td><a href="#m0">setup</a></td><td rowspan="1">1695671839833</td><td rowspan="1">73436</td></tr><tr class="failedodd"><td rowspan="1">tests.Result_Test</td><td><a href="#m1">setup</a></td><td rowspan="1">1695671839833</td><td rowspan="1">73436</td></tr><tr><th colspan="4">Test ran on Chrome &#8212; skipped (configuration methods)</th></tr><tr class="skippedeven"><td rowspan="3">tests.Landingpage_Test</td><td><a href="#m2">reset</a></td><td rowspan="2">1695671913401</td><td rowspan="2">-1695671913401</td></tr><tr class="skippedeven"><td><a href="#m3">reset</a></td></tr><tr class="skippedeven"><td><a href="#m4">teardown</a></td><td rowspan="1">1695671913409</td><td rowspan="1">-1695671913409</td></tr><tr class="skippedodd"><td rowspan="3">tests.Result_Test</td><td><a href="#m5">reset</a></td><td rowspan="2">1695671913376</td><td rowspan="2">-1695671913376</td></tr><tr class="skippedodd"><td><a href="#m6">reset</a></td></tr><tr class="skippedodd"><td><a href="#m7">teardown</a></td><td rowspan="1">1695671913409</td><td rowspan="1">-1695671913409</td></tr><tr><th colspan="4">Test ran on Chrome &#8212; skipped</th></tr><tr class="skippedeven"><td rowspan="2">tests.Landingpage_Test</td><td><a href="#m8">PP_001</a></td><td rowspan="1">1695671913352</td><td rowspan="1">0</td></tr><tr class="skippedeven"><td><a href="#m9">PP_002</a></td><td rowspan="1">1695671913377</td><td rowspan="1">0</td></tr><tr class="skippedodd"><td rowspan="2">tests.Result_Test</td><td><a href="#m10">PP_003</a></td><td rowspan="1">1695671913353</td><td rowspan="1">0</td></tr><tr class="skippedodd"><td><a href="#m11">PP_004</a></td><td rowspan="1">1695671913379</td><td rowspan="1">0</td></tr></tbody>
<tbody id="t1"><tr><th colspan="4">Test ran on Firefox &#8212; passed</th></tr><tr class="passedeven"><td rowspan="2">tests.Landingpage_Test</td><td><a href="#m12">PP_001</a></td><td rowspan="1">1695671939678</td><td rowspan="1">519</td></tr><tr class="passedeven"><td><a href="#m13">PP_002</a></td><td rowspan="1">1695671943958</td><td rowspan="1">366</td></tr><tr class="passedodd"><td rowspan="2">tests.Result_Test</td><td><a href="#m14">PP_003</a></td><td rowspan="1">1695671940157</td><td rowspan="1">2049</td></tr><tr class="passedodd"><td><a href="#m15">PP_004</a></td><td rowspan="1">1695671946651</td><td rowspan="1">10376</td></tr></tbody>
<tbody id="t2"><tr><th colspan="4">Test ran on Safari &#8212; failed (configuration methods)</th></tr><tr class="failedeven"><td rowspan="1">tests.Result_Test</td><td><a href="#m16">setup</a></td><td rowspan="1">1695671966347</td><td rowspan="1">29704</td></tr><tr><th colspan="4">Test ran on Safari &#8212; skipped (configuration methods)</th></tr><tr class="skippedeven"><td rowspan="3">tests.Result_Test</td><td><a href="#m17">reset</a></td><td rowspan="2">1695671996068</td><td rowspan="2">-1695671996068</td></tr><tr class="skippedeven"><td><a href="#m18">reset</a></td></tr><tr class="skippedeven"><td><a href="#m19">teardown</a></td><td rowspan="1">1695671996079</td><td rowspan="1">-1695671996079</td></tr><tr><th colspan="4">Test ran on Safari &#8212; skipped</th></tr><tr class="skippedeven"><td rowspan="2">tests.Result_Test</td><td><a href="#m20">PP_003</a></td><td rowspan="1">1695671996064</td><td rowspan="1">0</td></tr><tr class="skippedeven"><td><a href="#m21">PP_004</a></td><td rowspan="1">1695671996070</td><td rowspan="1">0</td></tr><tr><th colspan="4">Test ran on Safari &#8212; passed</th></tr><tr class="passedeven"><td rowspan="2">tests.Landingpage_Test</td><td><a href="#m22">PP_001</a></td><td rowspan="1">1695671985596</td><td rowspan="1">312</td></tr><tr class="passedeven"><td><a href="#m23">PP_002</a></td><td rowspan="1">1695671989704</td><td rowspan="1">254</td></tr></tbody>
</table>
<h2>Test ran on Chrome</h2><h3 id="m0">tests.Landingpage_Test#setup</h3><table class="result"><tr class="param"><th>Parameter #1</th></tr><tr class="param stripe"><td>Chrome</td></tr><tr><th>Exception</th></tr><tr><td><div class="stacktrace">org.openqa.selenium.SessionNotCreatedException: session not created: DevToolsActivePort file doesn&apos;t exist
Build info: version: &apos;3.141.59&apos;, revision: &apos;e82be7d358&apos;, time: &apos;2018-11-14T08:17:03&apos;
System info: host: &apos;Efosas-MacBook-Air.local&apos;, ip: &apos;fe80:0:0:0:4f3:e595:1e19:51bb%en0&apos;, os.name: &apos;Mac OS X&apos;, os.arch: &apos;x86_64&apos;, os.version: &apos;10.16&apos;, java.version: &apos;15.0.2&apos;
Driver info: driver.version: ChromeDriver
remote stacktrace: 0   chromedriver                        0x0000000105083ed8 chromedriver + 5091032
1   chromedriver                        0x000000010507ac43 chromedriver + 5053507
2   chromedriver                        0x0000000104c16527 chromedriver + 447783
3   chromedriver                        0x0000000104c5265d chromedriver + 693853
4   chromedriver                        0x0000000104c4d57a chromedriver + 673146
5   chromedriver                        0x0000000104c49f93 chromedriver + 659347
6   chromedriver                        0x0000000104c96776 chromedriver + 972662
7   chromedriver                        0x0000000104c8c433 chromedriver + 930867
8   chromedriver                        0x0000000104c57042 chromedriver + 712770
9   chromedriver                        0x0000000104c5826e chromedriver + 717422
10  chromedriver                        0x0000000105045439 chromedriver + 4834361
11  chromedriver                        0x000000010504a5dd chromedriver + 4855261
12  chromedriver                        0x0000000105051572 chromedriver + 4883826
13  chromedriver                        0x000000010504b30d chromedriver + 4858637
14  chromedriver                        0x000000010501d16c chromedriver + 4669804
15  chromedriver                        0x0000000105069cd8 chromedriver + 4984024
16  chromedriver                        0x0000000105069e90 chromedriver + 4984464
17  chromedriver                        0x000000010507a87e chromedriver + 5052542
18  libsystem_pthread.dylib             0x00007fff20322950 _pthread_start + 224
19  libsystem_pthread.dylib             0x00007fff2031e47b thread_start + 15

	at org.openqa.selenium.remote.W3CHandshakeResponse.lambda$errorHandler$0(W3CHandshakeResponse.java:62)
	at org.openqa.selenium.remote.HandshakeResponse.lambda$getResponseFunction$0(HandshakeResponse.java:30)
	at org.openqa.selenium.remote.ProtocolHandshake.lambda$createSession$0(ProtocolHandshake.java:126)
	at java.base/java.util.stream.ReferencePipeline$3$1.accept(ReferencePipeline.java:195)
	at java.base/java.util.Spliterators$ArraySpliterator.tryAdvance(Spliterators.java:958)
	at java.base/java.util.stream.ReferencePipeline.forEachWithCancel(ReferencePipeline.java:127)
	at java.base/java.util.stream.AbstractPipeline.copyIntoWithCancel(AbstractPipeline.java:502)
	at java.base/java.util.stream.AbstractPipeline.copyInto(AbstractPipeline.java:488)
	at java.base/java.util.stream.AbstractPipeline.wrapAndCopyInto(AbstractPipeline.java:474)
	at java.base/java.util.stream.FindOps$FindOp.evaluateSequential(FindOps.java:150)
	at java.base/java.util.stream.AbstractPipeline.evaluate(AbstractPipeline.java:234)
	at java.base/java.util.stream.ReferencePipeline.findFirst(ReferencePipeline.java:543)
	at org.openqa.selenium.remote.ProtocolHandshake.createSession(ProtocolHandshake.java:128)
	at org.openqa.selenium.remote.ProtocolHandshake.createSession(ProtocolHandshake.java:74)
	at org.openqa.selenium.remote.HttpCommandExecutor.execute(HttpCommandExecutor.java:136)
	at org.openqa.selenium.remote.service.DriverCommandExecutor.execute(DriverCommandExecutor.java:83)
	at org.openqa.selenium.remote.RemoteWebDriver.execute(RemoteWebDriver.java:552)
	at org.openqa.selenium.remote.RemoteWebDriver.startSession(RemoteWebDriver.java:213)
	at org.openqa.selenium.remote.RemoteWebDriver.&lt;init&gt;(RemoteWebDriver.java:131)
	at org.openqa.selenium.chrome.ChromeDriver.&lt;init&gt;(ChromeDriver.java:181)
	at org.openqa.selenium.chrome.ChromeDriver.&lt;init&gt;(ChromeDriver.java:168)
	at org.openqa.selenium.chrome.ChromeDriver.&lt;init&gt;(ChromeDriver.java:123)
	at library.Browsers.launchBrowser(Browsers.java:19)
	at tests.Landingpage_Test.setup(Landingpage_Test.java:30)
	at java.base/java.util.concurrent.ThreadPoolExecutor.runWorker(ThreadPoolExecutor.java:1130)
	at java.base/java.util.concurrent.ThreadPoolExecutor$Worker.run(ThreadPoolExecutor.java:630)
	at java.base/java.lang.Thread.run(Thread.java:832)
... Removed 15 stack frames</div></td></tr></table><p class="totop"><a href="#summary">back to summary</a></p>
<h3 id="m1">tests.Result_Test#setup</h3><table class="result"><tr class="param"><th>Parameter #1</th></tr><tr class="param stripe"><td>Chrome</td></tr><tr><th>Exception</th></tr><tr><td><div class="stacktrace">org.openqa.selenium.SessionNotCreatedException: session not created: DevToolsActivePort file doesn&apos;t exist
Build info: version: &apos;3.141.59&apos;, revision: &apos;e82be7d358&apos;, time: &apos;2018-11-14T08:17:03&apos;
System info: host: &apos;Efosas-MacBook-Air.local&apos;, ip: &apos;fe80:0:0:0:4f3:e595:1e19:51bb%en0&apos;, os.name: &apos;Mac OS X&apos;, os.arch: &apos;x86_64&apos;, os.version: &apos;10.16&apos;, java.version: &apos;15.0.2&apos;
Driver info: driver.version: ChromeDriver
remote stacktrace: 0   chromedriver                        0x00000001053eeed8 chromedriver + 5091032
1   chromedriver                        0x00000001053e5c43 chromedriver + 5053507
2   chromedriver                        0x0000000104f81527 chromedriver + 447783
3   chromedriver                        0x0000000104fbd65d chromedriver + 693853
4   chromedriver                        0x0000000104fb857a chromedriver + 673146
5   chromedriver                        0x0000000104fb4f93 chromedriver + 659347
6   chromedriver                        0x0000000105001776 chromedriver + 972662
7   chromedriver                        0x0000000104ff7433 chromedriver + 930867
8   chromedriver                        0x0000000104fc2042 chromedriver + 712770
9   chromedriver                        0x0000000104fc326e chromedriver + 717422
10  chromedriver                        0x00000001053b0439 chromedriver + 4834361
11  chromedriver                        0x00000001053b55dd chromedriver + 4855261
12  chromedriver                        0x00000001053bc572 chromedriver + 4883826
13  chromedriver                        0x00000001053b630d chromedriver + 4858637
14  chromedriver                        0x000000010538816c chromedriver + 4669804
15  chromedriver                        0x00000001053d4cd8 chromedriver + 4984024
16  chromedriver                        0x00000001053d4e90 chromedriver + 4984464
17  chromedriver                        0x00000001053e587e chromedriver + 5052542
18  libsystem_pthread.dylib             0x00007fff20322950 _pthread_start + 224
19  libsystem_pthread.dylib             0x00007fff2031e47b thread_start + 15

	at org.openqa.selenium.remote.W3CHandshakeResponse.lambda$errorHandler$0(W3CHandshakeResponse.java:62)
	at org.openqa.selenium.remote.HandshakeResponse.lambda$getResponseFunction$0(HandshakeResponse.java:30)
	at org.openqa.selenium.remote.ProtocolHandshake.lambda$createSession$0(ProtocolHandshake.java:126)
	at java.base/java.util.stream.ReferencePipeline$3$1.accept(ReferencePipeline.java:195)
	at java.base/java.util.Spliterators$ArraySpliterator.tryAdvance(Spliterators.java:958)
	at java.base/java.util.stream.ReferencePipeline.forEachWithCancel(ReferencePipeline.java:127)
	at java.base/java.util.stream.AbstractPipeline.copyIntoWithCancel(AbstractPipeline.java:502)
	at java.base/java.util.stream.AbstractPipeline.copyInto(AbstractPipeline.java:488)
	at java.base/java.util.stream.AbstractPipeline.wrapAndCopyInto(AbstractPipeline.java:474)
	at java.base/java.util.stream.FindOps$FindOp.evaluateSequential(FindOps.java:150)
	at java.base/java.util.stream.AbstractPipeline.evaluate(AbstractPipeline.java:234)
	at java.base/java.util.stream.ReferencePipeline.findFirst(ReferencePipeline.java:543)
	at org.openqa.selenium.remote.ProtocolHandshake.createSession(ProtocolHandshake.java:128)
	at org.openqa.selenium.remote.ProtocolHandshake.createSession(ProtocolHandshake.java:74)
	at org.openqa.selenium.remote.HttpCommandExecutor.execute(HttpCommandExecutor.java:136)
	at org.openqa.selenium.remote.service.DriverCommandExecutor.execute(DriverCommandExecutor.java:83)
	at org.openqa.selenium.remote.RemoteWebDriver.execute(RemoteWebDriver.java:552)
	at org.openqa.selenium.remote.RemoteWebDriver.startSession(RemoteWebDriver.java:213)
	at org.openqa.selenium.remote.RemoteWebDriver.&lt;init&gt;(RemoteWebDriver.java:131)
	at org.openqa.selenium.chrome.ChromeDriver.&lt;init&gt;(ChromeDriver.java:181)
	at org.openqa.selenium.chrome.ChromeDriver.&lt;init&gt;(ChromeDriver.java:168)
	at org.openqa.selenium.chrome.ChromeDriver.&lt;init&gt;(ChromeDriver.java:123)
	at library.Browsers.launchBrowser(Browsers.java:19)
	at tests.Result_Test.setup(Result_Test.java:35)
	at java.base/java.util.concurrent.ThreadPoolExecutor.runWorker(ThreadPoolExecutor.java:1130)
	at java.base/java.util.concurrent.ThreadPoolExecutor$Worker.run(ThreadPoolExecutor.java:630)
	at java.base/java.lang.Thread.run(Thread.java:832)
... Removed 15 stack frames</div></td></tr></table><p class="totop"><a href="#summary">back to summary</a></p>
<h3 id="m2">tests.Landingpage_Test#reset</h3><table class="result"><tr><th class="invisible"/></tr></table><p class="totop"><a href="#summary">back to summary</a></p>
<h3 id="m3">tests.Landingpage_Test#reset</h3><table class="result"><tr><th class="invisible"/></tr></table><p class="totop"><a href="#summary">back to summary</a></p>
<h3 id="m4">tests.Landingpage_Test#teardown</h3><table class="result"><tr><th class="invisible"/></tr></table><p class="totop"><a href="#summary">back to summary</a></p>
<h3 id="m5">tests.Result_Test#reset</h3><table class="result"><tr><th class="invisible"/></tr></table><p class="totop"><a href="#summary">back to summary</a></p>
<h3 id="m6">tests.Result_Test#reset</h3><table class="result"><tr><th class="invisible"/></tr></table><p class="totop"><a href="#summary">back to summary</a></p>
<h3 id="m7">tests.Result_Test#teardown</h3><table class="result"><tr><th class="invisible"/></tr></table><p class="totop"><a href="#summary">back to summary</a></p>
<h3 id="m8">tests.Landingpage_Test#PP_001</h3><table class="result"><tr><th>Exception</th></tr><tr><td><div class="stacktrace">org.openqa.selenium.SessionNotCreatedException: session not created: DevToolsActivePort file doesn&apos;t exist
Build info: version: &apos;3.141.59&apos;, revision: &apos;e82be7d358&apos;, time: &apos;2018-11-14T08:17:03&apos;
System info: host: &apos;Efosas-MacBook-Air.local&apos;, ip: &apos;fe80:0:0:0:4f3:e595:1e19:51bb%en0&apos;, os.name: &apos;Mac OS X&apos;, os.arch: &apos;x86_64&apos;, os.version: &apos;10.16&apos;, java.version: &apos;15.0.2&apos;
Driver info: driver.version: ChromeDriver
remote stacktrace: 0   chromedriver                        0x0000000105083ed8 chromedriver + 5091032
1   chromedriver                        0x000000010507ac43 chromedriver + 5053507
2   chromedriver                        0x0000000104c16527 chromedriver + 447783
3   chromedriver                        0x0000000104c5265d chromedriver + 693853
4   chromedriver                        0x0000000104c4d57a chromedriver + 673146
5   chromedriver                        0x0000000104c49f93 chromedriver + 659347
6   chromedriver                        0x0000000104c96776 chromedriver + 972662
7   chromedriver                        0x0000000104c8c433 chromedriver + 930867
8   chromedriver                        0x0000000104c57042 chromedriver + 712770
9   chromedriver                        0x0000000104c5826e chromedriver + 717422
10  chromedriver                        0x0000000105045439 chromedriver + 4834361
11  chromedriver                        0x000000010504a5dd chromedriver + 4855261
12  chromedriver                        0x0000000105051572 chromedriver + 4883826
13  chromedriver                        0x000000010504b30d chromedriver + 4858637
14  chromedriver                        0x000000010501d16c chromedriver + 4669804
15  chromedriver                        0x0000000105069cd8 chromedriver + 4984024
16  chromedriver                        0x0000000105069e90 chromedriver + 4984464
17  chromedriver                        0x000000010507a87e chromedriver + 5052542
18  libsystem_pthread.dylib             0x00007fff20322950 _pthread_start + 224
19  libsystem_pthread.dylib             0x00007fff2031e47b thread_start + 15

	at org.openqa.selenium.remote.W3CHandshakeResponse.lambda$errorHandler$0(W3CHandshakeResponse.java:62)
	at org.openqa.selenium.remote.HandshakeResponse.lambda$getResponseFunction$0(HandshakeResponse.java:30)
	at org.openqa.selenium.remote.ProtocolHandshake.lambda$createSession$0(ProtocolHandshake.java:126)
	at java.base/java.util.stream.ReferencePipeline$3$1.accept(ReferencePipeline.java:195)
	at java.base/java.util.Spliterators$ArraySpliterator.tryAdvance(Spliterators.java:958)
	at java.base/java.util.stream.ReferencePipeline.forEachWithCancel(ReferencePipeline.java:127)
	at java.base/java.util.stream.AbstractPipeline.copyIntoWithCancel(AbstractPipeline.java:502)
	at java.base/java.util.stream.AbstractPipeline.copyInto(AbstractPipeline.java:488)
	at java.base/java.util.stream.AbstractPipeline.wrapAndCopyInto(AbstractPipeline.java:474)
	at java.base/java.util.stream.FindOps$FindOp.evaluateSequential(FindOps.java:150)
	at java.base/java.util.stream.AbstractPipeline.evaluate(AbstractPipeline.java:234)
	at java.base/java.util.stream.ReferencePipeline.findFirst(ReferencePipeline.java:543)
	at org.openqa.selenium.remote.ProtocolHandshake.createSession(ProtocolHandshake.java:128)
	at org.openqa.selenium.remote.ProtocolHandshake.createSession(ProtocolHandshake.java:74)
	at org.openqa.selenium.remote.HttpCommandExecutor.execute(HttpCommandExecutor.java:136)
	at org.openqa.selenium.remote.service.DriverCommandExecutor.execute(DriverCommandExecutor.java:83)
	at org.openqa.selenium.remote.RemoteWebDriver.execute(RemoteWebDriver.java:552)
	at org.openqa.selenium.remote.RemoteWebDriver.startSession(RemoteWebDriver.java:213)
	at org.openqa.selenium.remote.RemoteWebDriver.&lt;init&gt;(RemoteWebDriver.java:131)
	at org.openqa.selenium.chrome.ChromeDriver.&lt;init&gt;(ChromeDriver.java:181)
	at org.openqa.selenium.chrome.ChromeDriver.&lt;init&gt;(ChromeDriver.java:168)
	at org.openqa.selenium.chrome.ChromeDriver.&lt;init&gt;(ChromeDriver.java:123)
	at library.Browsers.launchBrowser(Browsers.java:19)
	at tests.Landingpage_Test.setup(Landingpage_Test.java:30)
	at java.base/java.util.concurrent.ThreadPoolExecutor.runWorker(ThreadPoolExecutor.java:1130)
	at java.base/java.util.concurrent.ThreadPoolExecutor$Worker.run(ThreadPoolExecutor.java:630)
	at java.base/java.lang.Thread.run(Thread.java:832)
... Removed 15 stack frames</div></td></tr></table><p class="totop"><a href="#summary">back to summary</a></p>
<h3 id="m9">tests.Landingpage_Test#PP_002</h3><table class="result"><tr><th>Exception</th></tr><tr><td><div class="stacktrace">org.openqa.selenium.SessionNotCreatedException: session not created: DevToolsActivePort file doesn&apos;t exist
Build info: version: &apos;3.141.59&apos;, revision: &apos;e82be7d358&apos;, time: &apos;2018-11-14T08:17:03&apos;
System info: host: &apos;Efosas-MacBook-Air.local&apos;, ip: &apos;fe80:0:0:0:4f3:e595:1e19:51bb%en0&apos;, os.name: &apos;Mac OS X&apos;, os.arch: &apos;x86_64&apos;, os.version: &apos;10.16&apos;, java.version: &apos;15.0.2&apos;
Driver info: driver.version: ChromeDriver
remote stacktrace: 0   chromedriver                        0x0000000105083ed8 chromedriver + 5091032
1   chromedriver                        0x000000010507ac43 chromedriver + 5053507
2   chromedriver                        0x0000000104c16527 chromedriver + 447783
3   chromedriver                        0x0000000104c5265d chromedriver + 693853
4   chromedriver                        0x0000000104c4d57a chromedriver + 673146
5   chromedriver                        0x0000000104c49f93 chromedriver + 659347
6   chromedriver                        0x0000000104c96776 chromedriver + 972662
7   chromedriver                        0x0000000104c8c433 chromedriver + 930867
8   chromedriver                        0x0000000104c57042 chromedriver + 712770
9   chromedriver                        0x0000000104c5826e chromedriver + 717422
10  chromedriver                        0x0000000105045439 chromedriver + 4834361
11  chromedriver                        0x000000010504a5dd chromedriver + 4855261
12  chromedriver                        0x0000000105051572 chromedriver + 4883826
13  chromedriver                        0x000000010504b30d chromedriver + 4858637
14  chromedriver                        0x000000010501d16c chromedriver + 4669804
15  chromedriver                        0x0000000105069cd8 chromedriver + 4984024
16  chromedriver                        0x0000000105069e90 chromedriver + 4984464
17  chromedriver                        0x000000010507a87e chromedriver + 5052542
18  libsystem_pthread.dylib             0x00007fff20322950 _pthread_start + 224
19  libsystem_pthread.dylib             0x00007fff2031e47b thread_start + 15

	at org.openqa.selenium.remote.W3CHandshakeResponse.lambda$errorHandler$0(W3CHandshakeResponse.java:62)
	at org.openqa.selenium.remote.HandshakeResponse.lambda$getResponseFunction$0(HandshakeResponse.java:30)
	at org.openqa.selenium.remote.ProtocolHandshake.lambda$createSession$0(ProtocolHandshake.java:126)
	at java.base/java.util.stream.ReferencePipeline$3$1.accept(ReferencePipeline.java:195)
	at java.base/java.util.Spliterators$ArraySpliterator.tryAdvance(Spliterators.java:958)
	at java.base/java.util.stream.ReferencePipeline.forEachWithCancel(ReferencePipeline.java:127)
	at java.base/java.util.stream.AbstractPipeline.copyIntoWithCancel(AbstractPipeline.java:502)
	at java.base/java.util.stream.AbstractPipeline.copyInto(AbstractPipeline.java:488)
	at java.base/java.util.stream.AbstractPipeline.wrapAndCopyInto(AbstractPipeline.java:474)
	at java.base/java.util.stream.FindOps$FindOp.evaluateSequential(FindOps.java:150)
	at java.base/java.util.stream.AbstractPipeline.evaluate(AbstractPipeline.java:234)
	at java.base/java.util.stream.ReferencePipeline.findFirst(ReferencePipeline.java:543)
	at org.openqa.selenium.remote.ProtocolHandshake.createSession(ProtocolHandshake.java:128)
	at org.openqa.selenium.remote.ProtocolHandshake.createSession(ProtocolHandshake.java:74)
	at org.openqa.selenium.remote.HttpCommandExecutor.execute(HttpCommandExecutor.java:136)
	at org.openqa.selenium.remote.service.DriverCommandExecutor.execute(DriverCommandExecutor.java:83)
	at org.openqa.selenium.remote.RemoteWebDriver.execute(RemoteWebDriver.java:552)
	at org.openqa.selenium.remote.RemoteWebDriver.startSession(RemoteWebDriver.java:213)
	at org.openqa.selenium.remote.RemoteWebDriver.&lt;init&gt;(RemoteWebDriver.java:131)
	at org.openqa.selenium.chrome.ChromeDriver.&lt;init&gt;(ChromeDriver.java:181)
	at org.openqa.selenium.chrome.ChromeDriver.&lt;init&gt;(ChromeDriver.java:168)
	at org.openqa.selenium.chrome.ChromeDriver.&lt;init&gt;(ChromeDriver.java:123)
	at library.Browsers.launchBrowser(Browsers.java:19)
	at tests.Landingpage_Test.setup(Landingpage_Test.java:30)
	at java.base/java.util.concurrent.ThreadPoolExecutor.runWorker(ThreadPoolExecutor.java:1130)
	at java.base/java.util.concurrent.ThreadPoolExecutor$Worker.run(ThreadPoolExecutor.java:630)
	at java.base/java.lang.Thread.run(Thread.java:832)
... Removed 15 stack frames</div></td></tr></table><p class="totop"><a href="#summary">back to summary</a></p>
<h3 id="m10">tests.Result_Test#PP_003</h3><table class="result"><tr><th>Exception</th></tr><tr><td><div class="stacktrace">org.openqa.selenium.SessionNotCreatedException: session not created: DevToolsActivePort file doesn&apos;t exist
Build info: version: &apos;3.141.59&apos;, revision: &apos;e82be7d358&apos;, time: &apos;2018-11-14T08:17:03&apos;
System info: host: &apos;Efosas-MacBook-Air.local&apos;, ip: &apos;fe80:0:0:0:4f3:e595:1e19:51bb%en0&apos;, os.name: &apos;Mac OS X&apos;, os.arch: &apos;x86_64&apos;, os.version: &apos;10.16&apos;, java.version: &apos;15.0.2&apos;
Driver info: driver.version: ChromeDriver
remote stacktrace: 0   chromedriver                        0x00000001053eeed8 chromedriver + 5091032
1   chromedriver                        0x00000001053e5c43 chromedriver + 5053507
2   chromedriver                        0x0000000104f81527 chromedriver + 447783
3   chromedriver                        0x0000000104fbd65d chromedriver + 693853
4   chromedriver                        0x0000000104fb857a chromedriver + 673146
5   chromedriver                        0x0000000104fb4f93 chromedriver + 659347
6   chromedriver                        0x0000000105001776 chromedriver + 972662
7   chromedriver                        0x0000000104ff7433 chromedriver + 930867
8   chromedriver                        0x0000000104fc2042 chromedriver + 712770
9   chromedriver                        0x0000000104fc326e chromedriver + 717422
10  chromedriver                        0x00000001053b0439 chromedriver + 4834361
11  chromedriver                        0x00000001053b55dd chromedriver + 4855261
12  chromedriver                        0x00000001053bc572 chromedriver + 4883826
13  chromedriver                        0x00000001053b630d chromedriver + 4858637
14  chromedriver                        0x000000010538816c chromedriver + 4669804
15  chromedriver                        0x00000001053d4cd8 chromedriver + 4984024
16  chromedriver                        0x00000001053d4e90 chromedriver + 4984464
17  chromedriver                        0x00000001053e587e chromedriver + 5052542
18  libsystem_pthread.dylib             0x00007fff20322950 _pthread_start + 224
19  libsystem_pthread.dylib             0x00007fff2031e47b thread_start + 15

	at org.openqa.selenium.remote.W3CHandshakeResponse.lambda$errorHandler$0(W3CHandshakeResponse.java:62)
	at org.openqa.selenium.remote.HandshakeResponse.lambda$getResponseFunction$0(HandshakeResponse.java:30)
	at org.openqa.selenium.remote.ProtocolHandshake.lambda$createSession$0(ProtocolHandshake.java:126)
	at java.base/java.util.stream.ReferencePipeline$3$1.accept(ReferencePipeline.java:195)
	at java.base/java.util.Spliterators$ArraySpliterator.tryAdvance(Spliterators.java:958)
	at java.base/java.util.stream.ReferencePipeline.forEachWithCancel(ReferencePipeline.java:127)
	at java.base/java.util.stream.AbstractPipeline.copyIntoWithCancel(AbstractPipeline.java:502)
	at java.base/java.util.stream.AbstractPipeline.copyInto(AbstractPipeline.java:488)
	at java.base/java.util.stream.AbstractPipeline.wrapAndCopyInto(AbstractPipeline.java:474)
	at java.base/java.util.stream.FindOps$FindOp.evaluateSequential(FindOps.java:150)
	at java.base/java.util.stream.AbstractPipeline.evaluate(AbstractPipeline.java:234)
	at java.base/java.util.stream.ReferencePipeline.findFirst(ReferencePipeline.java:543)
	at org.openqa.selenium.remote.ProtocolHandshake.createSession(ProtocolHandshake.java:128)
	at org.openqa.selenium.remote.ProtocolHandshake.createSession(ProtocolHandshake.java:74)
	at org.openqa.selenium.remote.HttpCommandExecutor.execute(HttpCommandExecutor.java:136)
	at org.openqa.selenium.remote.service.DriverCommandExecutor.execute(DriverCommandExecutor.java:83)
	at org.openqa.selenium.remote.RemoteWebDriver.execute(RemoteWebDriver.java:552)
	at org.openqa.selenium.remote.RemoteWebDriver.startSession(RemoteWebDriver.java:213)
	at org.openqa.selenium.remote.RemoteWebDriver.&lt;init&gt;(RemoteWebDriver.java:131)
	at org.openqa.selenium.chrome.ChromeDriver.&lt;init&gt;(ChromeDriver.java:181)
	at org.openqa.selenium.chrome.ChromeDriver.&lt;init&gt;(ChromeDriver.java:168)
	at org.openqa.selenium.chrome.ChromeDriver.&lt;init&gt;(ChromeDriver.java:123)
	at library.Browsers.launchBrowser(Browsers.java:19)
	at tests.Result_Test.setup(Result_Test.java:35)
	at java.base/java.util.concurrent.ThreadPoolExecutor.runWorker(ThreadPoolExecutor.java:1130)
	at java.base/java.util.concurrent.ThreadPoolExecutor$Worker.run(ThreadPoolExecutor.java:630)
	at java.base/java.lang.Thread.run(Thread.java:832)
... Removed 15 stack frames</div></td></tr></table><p class="totop"><a href="#summary">back to summary</a></p>
<h3 id="m11">tests.Result_Test#PP_004</h3><table class="result"><tr><th>Exception</th></tr><tr><td><div class="stacktrace">org.openqa.selenium.SessionNotCreatedException: session not created: DevToolsActivePort file doesn&apos;t exist
Build info: version: &apos;3.141.59&apos;, revision: &apos;e82be7d358&apos;, time: &apos;2018-11-14T08:17:03&apos;
System info: host: &apos;Efosas-MacBook-Air.local&apos;, ip: &apos;fe80:0:0:0:4f3:e595:1e19:51bb%en0&apos;, os.name: &apos;Mac OS X&apos;, os.arch: &apos;x86_64&apos;, os.version: &apos;10.16&apos;, java.version: &apos;15.0.2&apos;
Driver info: driver.version: ChromeDriver
remote stacktrace: 0   chromedriver                        0x00000001053eeed8 chromedriver + 5091032
1   chromedriver                        0x00000001053e5c43 chromedriver + 5053507
2   chromedriver                        0x0000000104f81527 chromedriver + 447783
3   chromedriver                        0x0000000104fbd65d chromedriver + 693853
4   chromedriver                        0x0000000104fb857a chromedriver + 673146
5   chromedriver                        0x0000000104fb4f93 chromedriver + 659347
6   chromedriver                        0x0000000105001776 chromedriver + 972662
7   chromedriver                        0x0000000104ff7433 chromedriver + 930867
8   chromedriver                        0x0000000104fc2042 chromedriver + 712770
9   chromedriver                        0x0000000104fc326e chromedriver + 717422
10  chromedriver                        0x00000001053b0439 chromedriver + 4834361
11  chromedriver                        0x00000001053b55dd chromedriver + 4855261
12  chromedriver                        0x00000001053bc572 chromedriver + 4883826
13  chromedriver                        0x00000001053b630d chromedriver + 4858637
14  chromedriver                        0x000000010538816c chromedriver + 4669804
15  chromedriver                        0x00000001053d4cd8 chromedriver + 4984024
16  chromedriver                        0x00000001053d4e90 chromedriver + 4984464
17  chromedriver                        0x00000001053e587e chromedriver + 5052542
18  libsystem_pthread.dylib             0x00007fff20322950 _pthread_start + 224
19  libsystem_pthread.dylib             0x00007fff2031e47b thread_start + 15

	at org.openqa.selenium.remote.W3CHandshakeResponse.lambda$errorHandler$0(W3CHandshakeResponse.java:62)
	at org.openqa.selenium.remote.HandshakeResponse.lambda$getResponseFunction$0(HandshakeResponse.java:30)
	at org.openqa.selenium.remote.ProtocolHandshake.lambda$createSession$0(ProtocolHandshake.java:126)
	at java.base/java.util.stream.ReferencePipeline$3$1.accept(ReferencePipeline.java:195)
	at java.base/java.util.Spliterators$ArraySpliterator.tryAdvance(Spliterators.java:958)
	at java.base/java.util.stream.ReferencePipeline.forEachWithCancel(ReferencePipeline.java:127)
	at java.base/java.util.stream.AbstractPipeline.copyIntoWithCancel(AbstractPipeline.java:502)
	at java.base/java.util.stream.AbstractPipeline.copyInto(AbstractPipeline.java:488)
	at java.base/java.util.stream.AbstractPipeline.wrapAndCopyInto(AbstractPipeline.java:474)
	at java.base/java.util.stream.FindOps$FindOp.evaluateSequential(FindOps.java:150)
	at java.base/java.util.stream.AbstractPipeline.evaluate(AbstractPipeline.java:234)
	at java.base/java.util.stream.ReferencePipeline.findFirst(ReferencePipeline.java:543)
	at org.openqa.selenium.remote.ProtocolHandshake.createSession(ProtocolHandshake.java:128)
	at org.openqa.selenium.remote.ProtocolHandshake.createSession(ProtocolHandshake.java:74)
	at org.openqa.selenium.remote.HttpCommandExecutor.execute(HttpCommandExecutor.java:136)
	at org.openqa.selenium.remote.service.DriverCommandExecutor.execute(DriverCommandExecutor.java:83)
	at org.openqa.selenium.remote.RemoteWebDriver.execute(RemoteWebDriver.java:552)
	at org.openqa.selenium.remote.RemoteWebDriver.startSession(RemoteWebDriver.java:213)
	at org.openqa.selenium.remote.RemoteWebDriver.&lt;init&gt;(RemoteWebDriver.java:131)
	at org.openqa.selenium.chrome.ChromeDriver.&lt;init&gt;(ChromeDriver.java:181)
	at org.openqa.selenium.chrome.ChromeDriver.&lt;init&gt;(ChromeDriver.java:168)
	at org.openqa.selenium.chrome.ChromeDriver.&lt;init&gt;(ChromeDriver.java:123)
	at library.Browsers.launchBrowser(Browsers.java:19)
	at tests.Result_Test.setup(Result_Test.java:35)
	at java.base/java.util.concurrent.ThreadPoolExecutor.runWorker(ThreadPoolExecutor.java:1130)
	at java.base/java.util.concurrent.ThreadPoolExecutor$Worker.run(ThreadPoolExecutor.java:630)
	at java.base/java.lang.Thread.run(Thread.java:832)
... Removed 15 stack frames</div></td></tr></table><p class="totop"><a href="#summary">back to summary</a></p>
<h2>Test ran on Firefox</h2><h3 id="m12">tests.Landingpage_Test#PP_001</h3><table class="result"><tr><th class="invisible"/></tr></table><p class="totop"><a href="#summary">back to summary</a></p>
<h3 id="m13">tests.Landingpage_Test#PP_002</h3><table class="result"><tr><th class="invisible"/></tr></table><p class="totop"><a href="#summary">back to summary</a></p>
<h3 id="m14">tests.Result_Test#PP_003</h3><table class="result"><tr><th class="invisible"/></tr></table><p class="totop"><a href="#summary">back to summary</a></p>
<h3 id="m15">tests.Result_Test#PP_004</h3><table class="result"><tr><th class="invisible"/></tr></table><p class="totop"><a href="#summary">back to summary</a></p>
<h2>Test ran on Safari</h2><h3 id="m16">tests.Result_Test#setup</h3><table class="result"><tr class="param"><th>Parameter #1</th></tr><tr class="param stripe"><td>Safari</td></tr><tr><th>Exception</th></tr><tr><td><div class="stacktrace">org.openqa.selenium.SessionNotCreatedException: Could not create a session: The Safari instance terminated while trying to pair with it.
Build info: version: &apos;3.141.59&apos;, revision: &apos;e82be7d358&apos;, time: &apos;2018-11-14T08:17:03&apos;
System info: host: &apos;Efosas-MacBook-Air.local&apos;, ip: &apos;fe80:0:0:0:4f3:e595:1e19:51bb%en0&apos;, os.name: &apos;Mac OS X&apos;, os.arch: &apos;x86_64&apos;, os.version: &apos;10.16&apos;, java.version: &apos;15.0.2&apos;
Driver info: driver.version: SafariDriver
remote stacktrace: 
	at org.openqa.selenium.remote.W3CHandshakeResponse.lambda$errorHandler$0(W3CHandshakeResponse.java:62)
	at org.openqa.selenium.remote.HandshakeResponse.lambda$getResponseFunction$0(HandshakeResponse.java:30)
	at org.openqa.selenium.remote.ProtocolHandshake.lambda$createSession$0(ProtocolHandshake.java:126)
	at java.base/java.util.stream.ReferencePipeline$3$1.accept(ReferencePipeline.java:195)
	at java.base/java.util.Spliterators$ArraySpliterator.tryAdvance(Spliterators.java:958)
	at java.base/java.util.stream.ReferencePipeline.forEachWithCancel(ReferencePipeline.java:127)
	at java.base/java.util.stream.AbstractPipeline.copyIntoWithCancel(AbstractPipeline.java:502)
	at java.base/java.util.stream.AbstractPipeline.copyInto(AbstractPipeline.java:488)
	at java.base/java.util.stream.AbstractPipeline.wrapAndCopyInto(AbstractPipeline.java:474)
	at java.base/java.util.stream.FindOps$FindOp.evaluateSequential(FindOps.java:150)
	at java.base/java.util.stream.AbstractPipeline.evaluate(AbstractPipeline.java:234)
	at java.base/java.util.stream.ReferencePipeline.findFirst(ReferencePipeline.java:543)
	at org.openqa.selenium.remote.ProtocolHandshake.createSession(ProtocolHandshake.java:128)
	at org.openqa.selenium.remote.ProtocolHandshake.createSession(ProtocolHandshake.java:74)
	at org.openqa.selenium.remote.HttpCommandExecutor.execute(HttpCommandExecutor.java:136)
	at org.openqa.selenium.remote.service.DriverCommandExecutor.execute(DriverCommandExecutor.java:83)
	at org.openqa.selenium.remote.RemoteWebDriver.execute(RemoteWebDriver.java:552)
	at org.openqa.selenium.remote.RemoteWebDriver.startSession(RemoteWebDriver.java:213)
	at org.openqa.selenium.remote.RemoteWebDriver.&lt;init&gt;(RemoteWebDriver.java:131)
	at org.openqa.selenium.safari.SafariDriver.&lt;init&gt;(SafariDriver.java:81)
	at org.openqa.selenium.safari.SafariDriver.&lt;init&gt;(SafariDriver.java:63)
	at org.openqa.selenium.safari.SafariDriver.&lt;init&gt;(SafariDriver.java:41)
	at library.Browsers.launchBrowser(Browsers.java:28)
	at tests.Result_Test.setup(Result_Test.java:39)
	at java.base/java.util.concurrent.ThreadPoolExecutor.runWorker(ThreadPoolExecutor.java:1130)
	at java.base/java.util.concurrent.ThreadPoolExecutor$Worker.run(ThreadPoolExecutor.java:630)
	at java.base/java.lang.Thread.run(Thread.java:832)
... Removed 15 stack frames</div></td></tr></table><p class="totop"><a href="#summary">back to summary</a></p>
<h3 id="m17">tests.Result_Test#reset</h3><table class="result"><tr><th class="invisible"/></tr></table><p class="totop"><a href="#summary">back to summary</a></p>
<h3 id="m18">tests.Result_Test#reset</h3><table class="result"><tr><th class="invisible"/></tr></table><p class="totop"><a href="#summary">back to summary</a></p>
<h3 id="m19">tests.Result_Test#teardown</h3><table class="result"><tr><th class="invisible"/></tr></table><p class="totop"><a href="#summary">back to summary</a></p>
<h3 id="m20">tests.Result_Test#PP_003</h3><table class="result"><tr><th>Exception</th></tr><tr><td><div class="stacktrace">org.openqa.selenium.SessionNotCreatedException: Could not create a session: The Safari instance terminated while trying to pair with it.
Build info: version: &apos;3.141.59&apos;, revision: &apos;e82be7d358&apos;, time: &apos;2018-11-14T08:17:03&apos;
System info: host: &apos;Efosas-MacBook-Air.local&apos;, ip: &apos;fe80:0:0:0:4f3:e595:1e19:51bb%en0&apos;, os.name: &apos;Mac OS X&apos;, os.arch: &apos;x86_64&apos;, os.version: &apos;10.16&apos;, java.version: &apos;15.0.2&apos;
Driver info: driver.version: SafariDriver
remote stacktrace: 
	at org.openqa.selenium.remote.W3CHandshakeResponse.lambda$errorHandler$0(W3CHandshakeResponse.java:62)
	at org.openqa.selenium.remote.HandshakeResponse.lambda$getResponseFunction$0(HandshakeResponse.java:30)
	at org.openqa.selenium.remote.ProtocolHandshake.lambda$createSession$0(ProtocolHandshake.java:126)
	at java.base/java.util.stream.ReferencePipeline$3$1.accept(ReferencePipeline.java:195)
	at java.base/java.util.Spliterators$ArraySpliterator.tryAdvance(Spliterators.java:958)
	at java.base/java.util.stream.ReferencePipeline.forEachWithCancel(ReferencePipeline.java:127)
	at java.base/java.util.stream.AbstractPipeline.copyIntoWithCancel(AbstractPipeline.java:502)
	at java.base/java.util.stream.AbstractPipeline.copyInto(AbstractPipeline.java:488)
	at java.base/java.util.stream.AbstractPipeline.wrapAndCopyInto(AbstractPipeline.java:474)
	at java.base/java.util.stream.FindOps$FindOp.evaluateSequential(FindOps.java:150)
	at java.base/java.util.stream.AbstractPipeline.evaluate(AbstractPipeline.java:234)
	at java.base/java.util.stream.ReferencePipeline.findFirst(ReferencePipeline.java:543)
	at org.openqa.selenium.remote.ProtocolHandshake.createSession(ProtocolHandshake.java:128)
	at org.openqa.selenium.remote.ProtocolHandshake.createSession(ProtocolHandshake.java:74)
	at org.openqa.selenium.remote.HttpCommandExecutor.execute(HttpCommandExecutor.java:136)
	at org.openqa.selenium.remote.service.DriverCommandExecutor.execute(DriverCommandExecutor.java:83)
	at org.openqa.selenium.remote.RemoteWebDriver.execute(RemoteWebDriver.java:552)
	at org.openqa.selenium.remote.RemoteWebDriver.startSession(RemoteWebDriver.java:213)
	at org.openqa.selenium.remote.RemoteWebDriver.&lt;init&gt;(RemoteWebDriver.java:131)
	at org.openqa.selenium.safari.SafariDriver.&lt;init&gt;(SafariDriver.java:81)
	at org.openqa.selenium.safari.SafariDriver.&lt;init&gt;(SafariDriver.java:63)
	at org.openqa.selenium.safari.SafariDriver.&lt;init&gt;(SafariDriver.java:41)
	at library.Browsers.launchBrowser(Browsers.java:28)
	at tests.Result_Test.setup(Result_Test.java:39)
	at java.base/java.util.concurrent.ThreadPoolExecutor.runWorker(ThreadPoolExecutor.java:1130)
	at java.base/java.util.concurrent.ThreadPoolExecutor$Worker.run(ThreadPoolExecutor.java:630)
	at java.base/java.lang.Thread.run(Thread.java:832)
... Removed 15 stack frames</div></td></tr></table><p class="totop"><a href="#summary">back to summary</a></p>
<h3 id="m21">tests.Result_Test#PP_004</h3><table class="result"><tr><th>Exception</th></tr><tr><td><div class="stacktrace">org.openqa.selenium.SessionNotCreatedException: Could not create a session: The Safari instance terminated while trying to pair with it.
Build info: version: &apos;3.141.59&apos;, revision: &apos;e82be7d358&apos;, time: &apos;2018-11-14T08:17:03&apos;
System info: host: &apos;Efosas-MacBook-Air.local&apos;, ip: &apos;fe80:0:0:0:4f3:e595:1e19:51bb%en0&apos;, os.name: &apos;Mac OS X&apos;, os.arch: &apos;x86_64&apos;, os.version: &apos;10.16&apos;, java.version: &apos;15.0.2&apos;
Driver info: driver.version: SafariDriver
remote stacktrace: 
	at org.openqa.selenium.remote.W3CHandshakeResponse.lambda$errorHandler$0(W3CHandshakeResponse.java:62)
	at org.openqa.selenium.remote.HandshakeResponse.lambda$getResponseFunction$0(HandshakeResponse.java:30)
	at org.openqa.selenium.remote.ProtocolHandshake.lambda$createSession$0(ProtocolHandshake.java:126)
	at java.base/java.util.stream.ReferencePipeline$3$1.accept(ReferencePipeline.java:195)
	at java.base/java.util.Spliterators$ArraySpliterator.tryAdvance(Spliterators.java:958)
	at java.base/java.util.stream.ReferencePipeline.forEachWithCancel(ReferencePipeline.java:127)
	at java.base/java.util.stream.AbstractPipeline.copyIntoWithCancel(AbstractPipeline.java:502)
	at java.base/java.util.stream.AbstractPipeline.copyInto(AbstractPipeline.java:488)
	at java.base/java.util.stream.AbstractPipeline.wrapAndCopyInto(AbstractPipeline.java:474)
	at java.base/java.util.stream.FindOps$FindOp.evaluateSequential(FindOps.java:150)
	at java.base/java.util.stream.AbstractPipeline.evaluate(AbstractPipeline.java:234)
	at java.base/java.util.stream.ReferencePipeline.findFirst(ReferencePipeline.java:543)
	at org.openqa.selenium.remote.ProtocolHandshake.createSession(ProtocolHandshake.java:128)
	at org.openqa.selenium.remote.ProtocolHandshake.createSession(ProtocolHandshake.java:74)
	at org.openqa.selenium.remote.HttpCommandExecutor.execute(HttpCommandExecutor.java:136)
	at org.openqa.selenium.remote.service.DriverCommandExecutor.execute(DriverCommandExecutor.java:83)
	at org.openqa.selenium.remote.RemoteWebDriver.execute(RemoteWebDriver.java:552)
	at org.openqa.selenium.remote.RemoteWebDriver.startSession(RemoteWebDriver.java:213)
	at org.openqa.selenium.remote.RemoteWebDriver.&lt;init&gt;(RemoteWebDriver.java:131)
	at org.openqa.selenium.safari.SafariDriver.&lt;init&gt;(SafariDriver.java:81)
	at org.openqa.selenium.safari.SafariDriver.&lt;init&gt;(SafariDriver.java:63)
	at org.openqa.selenium.safari.SafariDriver.&lt;init&gt;(SafariDriver.java:41)
	at library.Browsers.launchBrowser(Browsers.java:28)
	at tests.Result_Test.setup(Result_Test.java:39)
	at java.base/java.util.concurrent.ThreadPoolExecutor.runWorker(ThreadPoolExecutor.java:1130)
	at java.base/java.util.concurrent.ThreadPoolExecutor$Worker.run(ThreadPoolExecutor.java:630)
	at java.base/java.lang.Thread.run(Thread.java:832)
... Removed 15 stack frames</div></td></tr></table><p class="totop"><a href="#summary">back to summary</a></p>
<h3 id="m22">tests.Landingpage_Test#PP_001</h3><table class="result"><tr><th class="invisible"/></tr></table><p class="totop"><a href="#summary">back to summary</a></p>
<h3 id="m23">tests.Landingpage_Test#PP_002</h3><table class="result"><tr><th class="invisible"/></tr></table><p class="totop"><a href="#summary">back to summary</a></p>
</body>
</html>
